 0000           ;------------------------------------------------------------------------------
 0000           ;  FILENAME:   BAUDCLKint.asm
 0000           ;   VERSION:   REV B, 2002 Mar 30
 0000           ;------------------------------------------------------------------------------
 0000           ;  DESCRIPTION:
 0000           ;     Interrupt handler routine for Counter8 user module instance:
 0000           ;        BAUDCLK.
 0000           ;------------------------------------------------------------------------------
 0000           ;       Copyright (c) Cypress MicroSystems 2000-2002.  All Rights Reserved.
 0000           ;------------------------------------------------------------------------------
 0000           
 0004           bBAUDCLK_INT_MASK:         equ 04h  
 0000           ;counter8 interrupt address
 00E1           BAUDCLK_INT_REG:           equ 0e1h  
 0000           
 0000           
 0000           ;---------------------------------
 0000           ;  Registers used by counter8
 0000           ;---------------------------------
 002B           BAUDCLK_CONTROL_REG:    equ 2bh                  ;Control register
 0028           BAUDCLK_COUNTER_REG:    equ 28h                  ;Counter register
 0029           BAUDCLK_PERIOD_REG: equ 29h                      ;Period value register
 002A           BAUDCLK_COMPARE_REG:    equ 2ah                  ;CompareValue register
 0028           BAUDCLK_FUNC_REG:   equ 28h                      ;Function register
 0029           BAUDCLK_INPUT_REG:  equ 29h                      ;Input register
 002A           BAUDCLK_OUTPUT_REG: equ 2ah                      ;Output register
 0000           
 0000           ; end of file
 0000           
 0000           ;-----------------------------------------------------
 0000           ;  Export interrupt handler
 0000           ;     NOTE that interrupt handler is NOT exported
 0000           ;     for access by C function.  Interrupt handlers
 0000           ;     are not callable by C functions.
 0000           ;-----------------------------------------------------
                export   BAUDCLKINT
                
                ;-----------------------------------------------------------------------------
                ;  FUNCTION NAME: BAUDCLKInt
                ;
                ;  DESCRIPTION:
                ;     Counter8 interrupt handler for instance BAUDCLK.  
                ;
                ;     This is a place holder function.  If the user requires use of an interrupt
                ;     handler for this function, then place code where specified.
                ;
                ;  ARGUMENTS:
                ;     none.
                ;
                ;  RETURNS:
                ;     none.
                ;
                ;  SIDE EFFECTS:
                ;     none.
                ;
                ;  THEORY of OPERATION:  
                ;     none.
                ;
                ;-----------------------------------------------------------------------------
 0000           BAUDCLKINT:
 0000              ;--------------------------
 0000              ; Place user code here!!!
 0000              ;--------------------------
 0000 7E           reti
 0001                   
 0001           
 0001           ; end of file
